<?xml version="1.0" encoding="UTF-8"?>
<!-- Generated by org.testng.reporters.JUnitReportReporter -->
<testsuite hostname="LAPTOP-KR6AR41B" failures="0" tests="1" name="com.easytrip.pom.HomePage" time="18.503" errors="0" timestamp="2025-03-12T11:02:12 IST" skipped="0">
  <testcase classname="com.easytrip.pom.HomePage" name="add" time="18.503"/>
  <system-out>
    <![CDATA[potential module is created 
compaign module is created ]]>
  </system-out>
</testsuite> <!-- com.easytrip.pom.HomePage -->
