<?xml version="1.0" encoding="UTF-8"?>
<!-- Generated by org.testng.reporters.JUnitReportReporter -->
<testsuite hostname="LAPTOP-KR6AR41B" failures="0" tests="1" name="com.easytrack.generic.Baseclass" time="0.015" errors="0" timestamp="2025-03-12T11:02:12 IST" skipped="0">
  <testcase classname="com.easytrack.generic.Baseclass" name="main" time="0.015"/>
  <system-out>
    <![CDATA[potential module is created 
compaign module is created ]]>
  </system-out>
</testsuite> <!-- com.easytrack.generic.Baseclass -->
