<?xml version="1.0" encoding="UTF-8"?>
<!-- Generated by org.testng.reporters.JUnitReportReporter -->
<testsuite hostname="LAPTOP-KR6AR41B" failures="0" tests="1" name="com.easytrip.testscript.PotentialModule" time="0.003" errors="0" timestamp="2025-03-12T11:02:12 IST" skipped="0">
  <testcase classname="com.easytrip.testscript.PotentialModule" name="add" time="0.003">
    <system-out>
      <![CDATA[potential module is created ]]>
    </system-out>
  </testcase> <!-- add -->
  <system-out>
    <![CDATA[potential module is created 
compaign module is created ]]>
  </system-out>
</testsuite> <!-- com.easytrip.testscript.PotentialModule -->
